<?xml version="1.0" encoding="utf-8"?><testsuites name="pytest tests"><testsuite name="pytest" errors="0" failures="1" skipped="0" tests="19" time="11.525" timestamp="2026-03-03T12:02:14.193318+00:00" hostname="agent-env-d84c8726-516b-4f61-bad3-8a0a81d481a8"><testcase classname="backend.tests.test_visual_editor_extended.TestHealthAndBasicEndpoints" name="test_health_endpoint" time="0.609" /><testcase classname="backend.tests.test_visual_editor_extended.TestHealthAndBasicEndpoints" name="test_root_endpoint" time="0.437" /><testcase classname="backend.tests.test_visual_editor_extended.TestAdminAuthentication" name="test_admin_login_wrong_password" time="0.557" /><testcase classname="backend.tests.test_visual_editor_extended.TestAdminAuthentication" name="test_admin_login_correct_password" time="0.447" /><testcase classname="backend.tests.test_visual_editor_extended.TestAdminAuthentication" name="test_admin_login_empty_password" time="0.428" /><testcase classname="backend.tests.test_visual_editor_extended.TestContentOverridesPublic" name="test_public_overrides_no_auth" time="0.442" /><testcase classname="backend.tests.test_visual_editor_extended.TestContentOverridesAdmin" name="test_get_overrides_requires_auth" time="0.437" /><testcase classname="backend.tests.test_visual_editor_extended.TestContentOverridesAdmin" name="test_get_overrides_with_auth" time="0.437" /><testcase classname="backend.tests.test_visual_editor_extended.TestContentOverridesAdmin" name="test_post_overrides_requires_auth" time="0.440" /><testcase classname="backend.tests.test_visual_editor_extended.TestContentOverridesAdmin" name="test_post_overrides_creates_entry" time="1.296" /><testcase classname="backend.tests.test_visual_editor_extended.TestServicePageOverrides" name="test_save_mobilitaet_hero_override" time="0.899" /><testcase classname="backend.tests.test_visual_editor_extended.TestServicePageOverrides" name="test_save_architektur_override" time="0.451" /><testcase classname="backend.tests.test_visual_editor_extended.TestServicePageOverrides" name="test_save_service_cta_fields" time="0.400" /><testcase classname="backend.tests.test_visual_editor_extended.TestProjektePageOverrides" name="test_save_projekte_hero_override" time="0.810" /><testcase classname="backend.tests.test_visual_editor_extended.TestProjectDetailOverrides" name="test_save_project_title_override" time="0.426" /><testcase classname="backend.tests.test_visual_editor_extended.TestProjectDetailOverrides" name="test_save_project_detail_fields" time="0.414" /><testcase classname="backend.tests.test_visual_editor_extended.TestOverrideDeleteOperations" name="test_delete_single_override" time="1.238" /><testcase classname="backend.tests.test_visual_editor_extended.TestOverrideDeleteOperations" name="test_delete_by_page" time="0.842" /><testcase classname="backend.tests.test_visual_editor_extended.TestImageUpload" name="test_upload_requires_auth" time="0.418"><failure message="assert 422 == 401&#10; +  where 422 = &lt;Response [422]&gt;.status_code">backend/tests/test_visual_editor_extended.py:343: in test_upload_requires_auth
    assert response.status_code == 401
E   assert 422 == 401
E    +  where 422 = &lt;Response [422]&gt;.status_code</failure></testcase></testsuite></testsuites>