<?xml version="1.0" encoding="utf-8"?><testsuites name="pytest tests"><testsuite name="pytest" errors="0" failures="0" skipped="0" tests="12" time="2.822" timestamp="2026-03-03T13:34:00.151334+00:00" hostname="agent-env-d84c8726-516b-4f61-bad3-8a0a81d481a8"><testcase classname="tests.test_image_optimization.TestHealthEndpoint" name="test_health_returns_ok" time="0.145" /><testcase classname="tests.test_image_optimization.TestImageUpload" name="test_upload_without_auth_fails" time="0.123" /><testcase classname="tests.test_image_optimization.TestImageUpload" name="test_upload_jpeg_returns_webp_url" time="0.205" /><testcase classname="tests.test_image_optimization.TestImageUpload" name="test_upload_png_returns_webp_url" time="0.139" /><testcase classname="tests.test_image_optimization.TestImageUpload" name="test_large_image_is_resized" time="0.531" /><testcase classname="tests.test_image_optimization.TestImageUpload" name="test_upload_invalid_extension_rejected" time="0.089" /><testcase classname="tests.test_image_optimization.TestImageUpload" name="test_upload_webp_stays_webp" time="0.090" /><testcase classname="tests.test_image_optimization.TestStaticImages" name="test_hero_image_is_webp" time="0.093" /><testcase classname="tests.test_image_optimization.TestStaticImages" name="test_project_thumbnails_are_webp" time="0.526" /><testcase classname="tests.test_image_optimization.TestStaticImages" name="test_service_page_images_are_webp" time="0.530" /><testcase classname="tests.test_image_optimization.TestAdminLogin" name="test_admin_login_success" time="0.087" /><testcase classname="tests.test_image_optimization.TestAdminLogin" name="test_admin_login_wrong_password" time="0.095" /></testsuite></testsuites>