<?xml version="1.0" encoding="utf-8"?><testsuites name="pytest tests"><testsuite name="pytest" errors="0" failures="1" skipped="0" tests="32" time="4.814" timestamp="2026-03-03T14:40:15.144207+00:00" hostname="agent-env-d84c8726-516b-4f61-bad3-8a0a81d481a8"><testcase classname="backend.tests.test_image_manipulation.TestImageObjectOverrides" name="test_save_image_object_override" time="0.422" /><testcase classname="backend.tests.test_image_manipulation.TestImageObjectOverrides" name="test_save_homepage_hero_image_object" time="0.182" /><testcase classname="backend.tests.test_image_manipulation.TestImageObjectOverrides" name="test_save_service_hero_image_object" time="0.185" /><testcase classname="backend.tests.test_image_manipulation.TestImageObjectOverrides" name="test_save_project_thumbnail_image_object" time="0.182" /><testcase classname="backend.tests.test_image_manipulation.TestImageObjectOverrides" name="test_save_project_gallery_image_object" time="0.154" /><testcase classname="backend.tests.test_image_manipulation.TestImageObjectOverrides" name="test_image_object_with_only_url" time="0.248" /><testcase classname="backend.tests.test_image_manipulation.TestImageObjectOverrides" name="test_backwards_compatible_string_value" time="0.272" /><testcase classname="backend.tests.test_image_manipulation.TestPublicOverridesImageObjects" name="test_get_public_overrides_returns_image_objects" time="0.089" /><testcase classname="backend.tests.test_image_manipulation.TestAllServicePageHeroImages" name="test_mobilitaet_hero_image" time="0.121" /><testcase classname="backend.tests.test_image_manipulation.TestAllServicePageHeroImages" name="test_architektur_hero_image" time="0.105" /><testcase classname="backend.tests.test_image_manipulation.TestAllServicePageHeroImages" name="test_markenkommunikation_hero_image" time="0.082" /><testcase classname="backend.tests.test_image_manipulation.TestAllServicePageHeroImages" name="test_design_hero_image" time="0.084" /><testcase classname="backend.tests.test_image_manipulation.TestAllServicePageHeroImages" name="test_projektmanagement_hero_image" time="0.088" /><testcase classname="backend.tests.test_visual_editor_extended.TestHealthAndBasicEndpoints" name="test_health_endpoint" time="0.076" /><testcase classname="backend.tests.test_visual_editor_extended.TestHealthAndBasicEndpoints" name="test_root_endpoint" time="0.084" /><testcase classname="backend.tests.test_visual_editor_extended.TestAdminAuthentication" name="test_admin_login_wrong_password" time="0.091" /><testcase classname="backend.tests.test_visual_editor_extended.TestAdminAuthentication" name="test_admin_login_correct_password" time="0.087" /><testcase classname="backend.tests.test_visual_editor_extended.TestAdminAuthentication" name="test_admin_login_empty_password" time="0.094" /><testcase classname="backend.tests.test_visual_editor_extended.TestContentOverridesPublic" name="test_public_overrides_no_auth" time="0.081" /><testcase classname="backend.tests.test_visual_editor_extended.TestContentOverridesAdmin" name="test_get_overrides_requires_auth" time="0.075" /><testcase classname="backend.tests.test_visual_editor_extended.TestContentOverridesAdmin" name="test_get_overrides_with_auth" time="0.083" /><testcase classname="backend.tests.test_visual_editor_extended.TestContentOverridesAdmin" name="test_post_overrides_requires_auth" time="0.097" /><testcase classname="backend.tests.test_visual_editor_extended.TestContentOverridesAdmin" name="test_post_overrides_creates_entry" time="0.375" /><testcase classname="backend.tests.test_visual_editor_extended.TestServicePageOverrides" name="test_save_mobilitaet_hero_override" time="0.209" /><testcase classname="backend.tests.test_visual_editor_extended.TestServicePageOverrides" name="test_save_architektur_override" time="0.105" /><testcase classname="backend.tests.test_visual_editor_extended.TestServicePageOverrides" name="test_save_service_cta_fields" time="0.089" /><testcase classname="backend.tests.test_visual_editor_extended.TestProjektePageOverrides" name="test_save_projekte_hero_override" time="0.170" /><testcase classname="backend.tests.test_visual_editor_extended.TestProjectDetailOverrides" name="test_save_project_title_override" time="0.099" /><testcase classname="backend.tests.test_visual_editor_extended.TestProjectDetailOverrides" name="test_save_project_detail_fields" time="0.084" /><testcase classname="backend.tests.test_visual_editor_extended.TestOverrideDeleteOperations" name="test_delete_single_override" time="0.240" /><testcase classname="backend.tests.test_visual_editor_extended.TestOverrideDeleteOperations" name="test_delete_by_page" time="0.176" /><testcase classname="backend.tests.test_visual_editor_extended.TestImageUpload" name="test_upload_requires_auth" time="0.124"><failure message="assert 422 == 401&#10; +  where 422 = &lt;Response [422]&gt;.status_code">backend/tests/test_visual_editor_extended.py:343: in test_upload_requires_auth
    assert response.status_code == 401
E   assert 422 == 401
E    +  where 422 = &lt;Response [422]&gt;.status_code</failure></testcase></testsuite></testsuites>