<?xml version="1.0" encoding="utf-8"?><testsuites name="pytest tests"><testsuite name="pytest" errors="0" failures="0" skipped="0" tests="17" time="4.214" timestamp="2026-03-03T09:24:22.204140+00:00" hostname="agent-env-db3b615b-ecb9-4d7c-a438-c15e9b952d00"><testcase classname="backend.tests.test_visual_editor_api.TestAdminLogin" name="test_login_wrong_password_returns_401" time="0.264" /><testcase classname="backend.tests.test_visual_editor_api.TestAdminLogin" name="test_login_correct_password_returns_200" time="0.094" /><testcase classname="backend.tests.test_visual_editor_api.TestContentOverrides" name="test_save_override_requires_auth" time="0.177" /><testcase classname="backend.tests.test_visual_editor_api.TestContentOverrides" name="test_save_override_success" time="0.372" /><testcase classname="backend.tests.test_visual_editor_api.TestContentOverrides" name="test_get_admin_overrides_requires_auth" time="0.170" /><testcase classname="backend.tests.test_visual_editor_api.TestContentOverrides" name="test_get_admin_overrides_success" time="0.458" /><testcase classname="backend.tests.test_visual_editor_api.TestContentOverrides" name="test_public_overrides_no_auth" time="0.162" /><testcase classname="backend.tests.test_visual_editor_api.TestContentOverrides" name="test_public_overrides_shows_saved_content" time="0.351" /><testcase classname="backend.tests.test_visual_editor_api.TestContentOverrides" name="test_delete_all_overrides" time="0.447" /><testcase classname="backend.tests.test_visual_editor_api.TestContentOverrides" name="test_delete_single_override_by_key" time="0.354" /><testcase classname="backend.tests.test_visual_editor_api.TestContentOverrides" name="test_delete_by_page" time="0.353" /><testcase classname="backend.tests.test_visual_editor_api.TestImageUpload" name="test_upload_requires_auth" time="0.081" /><testcase classname="backend.tests.test_visual_editor_api.TestImageUpload" name="test_upload_image_success" time="0.095" /><testcase classname="backend.tests.test_visual_editor_api.TestImageUpload" name="test_upload_invalid_file_type" time="0.080" /><testcase classname="backend.tests.test_visual_editor_api.TestImageUpload" name="test_upload_jpg_webp_accepted" time="0.086" /><testcase classname="backend.tests.test_visual_editor_api.TestOverrideUpsert" name="test_upsert_creates_new" time="0.250" /><testcase classname="backend.tests.test_visual_editor_api.TestOverrideUpsert" name="test_upsert_updates_existing" time="0.337" /></testsuite></testsuites>