<?xml version="1.0" encoding="utf-8"?><testsuites name="pytest tests"><testsuite name="pytest" errors="0" failures="0" skipped="0" tests="12" time="1.891" timestamp="2026-03-26T14:34:05.203764+00:00" hostname="agent-env-1f45217d-9228-433e-87b6-c3648d32d5b2"><testcase classname="backend.tests.test_layout_api.TestLayoutAPI" name="test_get_layout_public_no_auth" time="0.129" /><testcase classname="backend.tests.test_layout_api.TestLayoutAPI" name="test_get_layout_default_values" time="0.215" /><testcase classname="backend.tests.test_layout_api.TestLayoutAPI" name="test_admin_login_success" time="0.101" /><testcase classname="backend.tests.test_layout_api.TestLayoutAPI" name="test_admin_login_failure" time="0.071" /><testcase classname="backend.tests.test_layout_api.TestLayoutAPI" name="test_save_layout_requires_auth" time="0.085" /><testcase classname="backend.tests.test_layout_api.TestLayoutAPI" name="test_save_layout_with_auth" time="0.176" /><testcase classname="backend.tests.test_layout_api.TestLayoutAPI" name="test_save_layout_section_visibility" time="0.178" /><testcase classname="backend.tests.test_layout_api.TestLayoutAPI" name="test_save_layout_section_order" time="0.206" /><testcase classname="backend.tests.test_layout_api.TestLayoutAPI" name="test_save_layout_padding_settings" time="0.195" /><testcase classname="backend.tests.test_layout_api.TestLayoutAPI" name="test_save_layout_content_width" time="0.205" /><testcase classname="backend.tests.test_layout_api.TestLayoutAPI" name="test_save_layout_image_defaults" time="0.181" /><testcase classname="backend.tests.test_layout_api.TestLayoutAPI" name="test_restore_default_layout" time="0.099" /></testsuite></testsuites>