<?xml version="1.0" encoding="utf-8"?><testsuites name="pytest tests"><testsuite name="pytest" errors="0" failures="0" skipped="0" tests="14" time="2.433" timestamp="2026-03-06T06:46:27.843862+00:00" hostname="agent-env-d7d6e56c-dc71-4ce5-b378-e16db0418ce3"><testcase classname="backend.tests.test_predeployment.TestHealthAndBasicEndpoints" name="test_health_endpoint" time="0.206" /><testcase classname="backend.tests.test_predeployment.TestHealthAndBasicEndpoints" name="test_root_endpoint" time="0.213" /><testcase classname="backend.tests.test_predeployment.TestHealthAndBasicEndpoints" name="test_content_overrides_public" time="0.127" /><testcase classname="backend.tests.test_predeployment.TestContactFormAPI" name="test_contact_form_validation_missing_name" time="0.113" /><testcase classname="backend.tests.test_predeployment.TestContactFormAPI" name="test_contact_form_validation_missing_email" time="0.144" /><testcase classname="backend.tests.test_predeployment.TestContactFormAPI" name="test_contact_form_validation_invalid_email" time="0.101" /><testcase classname="backend.tests.test_predeployment.TestContactFormAPI" name="test_contact_form_validation_missing_message" time="0.086" /><testcase classname="backend.tests.test_predeployment.TestContactFormAPI" name="test_contact_form_honeypot_silent_success" time="0.117" /><testcase classname="backend.tests.test_predeployment.TestContactFormAPI" name="test_contact_form_valid_submission" time="0.695" /><testcase classname="backend.tests.test_predeployment.TestAdminEndpoints" name="test_admin_overrides_requires_auth" time="0.100" /><testcase classname="backend.tests.test_predeployment.TestAdminEndpoints" name="test_admin_login_invalid_password" time="0.086" /><testcase classname="backend.tests.test_predeployment.TestAdminEndpoints" name="test_admin_login_valid_password" time="0.086" /><testcase classname="backend.tests.test_predeployment.TestStatusEndpoints" name="test_get_status_checks" time="0.089" /><testcase classname="backend.tests.test_predeployment.TestStatusEndpoints" name="test_create_status_check" time="0.108" /></testsuite></testsuites>