<?xml version="1.0" encoding="utf-8"?><testsuites name="pytest tests"><testsuite name="pytest" errors="0" failures="1" skipped="0" tests="14" time="6.338" timestamp="2026-03-02T13:05:11.548157+00:00" hostname="agent-env-2dbdab3b-a82e-403d-9a25-b5cbe3e41b27"><testcase classname="backend.tests.test_contact_api.TestContactEndpointValidation" name="test_contact_success_with_valid_data" time="0.610" /><testcase classname="backend.tests.test_contact_api.TestContactEndpointValidation" name="test_contact_success_with_all_fields" time="0.449" /><testcase classname="backend.tests.test_contact_api.TestContactEndpointValidation" name="test_contact_rejects_empty_name" time="0.572" /><testcase classname="backend.tests.test_contact_api.TestContactEndpointValidation" name="test_contact_rejects_empty_email" time="0.435" /><testcase classname="backend.tests.test_contact_api.TestContactEndpointValidation" name="test_contact_rejects_invalid_email_format" time="0.407" /><testcase classname="backend.tests.test_contact_api.TestContactEndpointValidation" name="test_contact_rejects_empty_message" time="0.438" /><testcase classname="backend.tests.test_contact_api.TestContactHoneypot" name="test_honeypot_silently_accepts_but_doesnt_process" time="0.423" /><testcase classname="backend.tests.test_contact_api.TestContactHoneypot" name="test_empty_honeypot_processes_normally" time="0.445" /><testcase classname="backend.tests.test_contact_api.TestContactServiceOptions" name="test_valid_service_options[mobilitaet]" time="0.407" /><testcase classname="backend.tests.test_contact_api.TestContactServiceOptions" name="test_valid_service_options[architektur]" time="0.402" /><testcase classname="backend.tests.test_contact_api.TestContactServiceOptions" name="test_valid_service_options[kommunikation]" time="0.408" /><testcase classname="backend.tests.test_contact_api.TestContactServiceOptions" name="test_valid_service_options[design]" time="0.429" /><testcase classname="backend.tests.test_contact_api.TestContactServiceOptions" name="test_valid_service_options[projektmanagement]" time="0.416"><failure message="assert 429 == 200&#10; +  where 429 = &lt;Response [429]&gt;.status_code">backend/tests/test_contact_api.py:135: in test_valid_service_options
    assert response.status_code == 200
E   assert 429 == 200
E    +  where 429 = &lt;Response [429]&gt;.status_code</failure></testcase><testcase classname="backend.tests.test_contact_api.TestHealthEndpoint" name="test_api_root_returns_200" time="0.407" /></testsuite></testsuites>