<?xml version="1.0" encoding="utf-8"?><testsuites name="pytest tests"><testsuite name="pytest" errors="0" failures="0" skipped="0" tests="14" time="1.855" timestamp="2026-03-26T07:56:09.683992+00:00" hostname="agent-env-1f45217d-9228-433e-87b6-c3648d32d5b2"><testcase classname="backend.tests.test_cms_integration.TestHealthAndBasicAPIs" name="test_health_endpoint" time="0.081" /><testcase classname="backend.tests.test_cms_integration.TestHealthAndBasicAPIs" name="test_public_content_overrides_endpoint" time="0.195" /><testcase classname="backend.tests.test_cms_integration.TestAdminAuthentication" name="test_admin_login_success" time="0.098" /><testcase classname="backend.tests.test_cms_integration.TestAdminAuthentication" name="test_admin_login_failure" time="0.084" /><testcase classname="backend.tests.test_cms_integration.TestAdminAuthentication" name="test_admin_overrides_requires_auth" time="0.086" /><testcase classname="backend.tests.test_cms_integration.TestAdminAuthentication" name="test_admin_overrides_with_auth" time="0.080" /><testcase classname="backend.tests.test_cms_integration.TestContentOverrideSaveAndSync" name="test_save_text_override" time="0.153" /><testcase classname="backend.tests.test_cms_integration.TestContentOverrideSaveAndSync" name="test_save_hero_subline_override" time="0.152" /><testcase classname="backend.tests.test_cms_integration.TestContentOverrideSaveAndSync" name="test_save_cta_headline_override" time="0.092" /><testcase classname="backend.tests.test_cms_integration.TestTrustBarListEditing" name="test_trustbar_items_exists_in_overrides" time="0.096" /><testcase classname="backend.tests.test_cms_integration.TestTrustBarListEditing" name="test_save_trustbar_items_list" time="0.182" /><testcase classname="backend.tests.test_cms_integration.TestTrustBarListEditing" name="test_add_item_to_trustbar" time="0.167" /><testcase classname="backend.tests.test_cms_integration.TestTrustBarListEditing" name="test_restore_original_trustbar" time="0.083" /><testcase classname="backend.tests.test_cms_integration.TestDeleteOverrides" name="test_delete_single_override" time="0.253" /></testsuite></testsuites>