<?xml version="1.0" encoding="utf-8"?><testsuites name="pytest tests"><testsuite name="pytest" errors="0" failures="0" skipped="0" tests="15" time="2.616" timestamp="2026-03-26T14:44:20.111376+00:00" hostname="agent-env-1f45217d-9228-433e-87b6-c3648d32d5b2"><testcase classname="backend.tests.test_layout_phase2.TestLayoutPhase2NewFields" name="test_get_layout_returns_new_fields" time="0.180" /><testcase classname="backend.tests.test_layout_phase2.TestLayoutPhase2NewFields" name="test_save_style_preset" time="0.184" /><testcase classname="backend.tests.test_layout_phase2.TestLayoutPhase2NewFields" name="test_save_alignment" time="0.283" /><testcase classname="backend.tests.test_layout_phase2.TestLayoutPhase2NewFields" name="test_save_device_visibility" time="0.269" /><testcase classname="backend.tests.test_layout_phase2.TestLayoutPhase2NewFields" name="test_save_cta_controls" time="0.209" /><testcase classname="backend.tests.test_layout_phase2.TestLayoutPhase2NewFields" name="test_save_animation" time="0.199" /><testcase classname="backend.tests.test_layout_phase2.TestLayoutPhase2NewFields" name="test_save_all_new_fields_combined" time="0.222" /><testcase classname="backend.tests.test_layout_phase2.TestTemplateAPI" name="test_list_templates_public" time="0.069" /><testcase classname="backend.tests.test_layout_phase2.TestTemplateAPI" name="test_save_template" time="0.216" /><testcase classname="backend.tests.test_layout_phase2.TestTemplateAPI" name="test_load_template" time="0.094" /><testcase classname="backend.tests.test_layout_phase2.TestTemplateAPI" name="test_delete_template_requires_auth" time="0.093" /><testcase classname="backend.tests.test_layout_phase2.TestTemplateAPI" name="test_delete_template_with_auth" time="0.272" /><testcase classname="backend.tests.test_layout_phase2.TestTemplateAPI" name="test_delete_nonexistent_template" time="0.088" /><testcase classname="backend.tests.test_layout_phase2.TestTemplateAPI" name="test_cleanup_test_template" time="0.081" /><testcase classname="backend.tests.test_layout_phase2.TestRestoreDefaultLayout" name="test_restore_default_layout" time="0.088" /></testsuite></testsuites>